[2026-05-01 03:04:12] INFO  Loaded .env from /Users/mengyeshiliu/code/agent/V-partner/.env
[2026-05-01 03:04:12] INFO  定时任务已启动 (早安8:37 / 晚安22:17 / 午后15:47 / 记忆维护3:00)
[2026-05-01 03:04:42] INFO  Loaded .env from /Users/mengyeshiliu/code/agent/V-partner/.env
[2026-05-01 03:04:42] INFO  定时任务已启动 (早安8:37 / 晚安22:17 / 午后15:47 / 记忆维护3:00)
[2026-05-01 03:06:38] INFO  Loaded .env from /Users/mengyeshiliu/code/agent/V-partner/.env
[2026-05-01 03:06:38] INFO  定时任务已启动 (早安8:37 / 晚安22:17 / 午后15:47 / 记忆维护3:00)
[2026-05-01 03:07:31] INFO  Loaded .env from /Users/mengyeshiliu/Library/Application Support/yumema/.env
[2026-05-01 03:07:31] ERROR data/profile.json partner_gender 无效
[2026-05-01 03:07:31] ERROR data/profile.json partner_gender 无效
[2026-05-01 03:08:49] INFO  Loaded .env from /Users/mengyeshiliu/Library/Application Support/yumema/.env
[2026-05-01 03:08:49] ERROR data/profile.json partner_gender 无效
[2026-05-01 03:08:49] ERROR data/profile.json partner_gender 无效
[2026-05-01 03:09:11] INFO  Loaded .env from /Users/mengyeshiliu/Library/Application Support/yumema/.env
[2026-05-01 03:09:11] INFO  定时任务已启动 (早安8:37 / 晚安22:17 / 午后15:47 / 记忆维护3:00)
[2026-05-01 03:13:08] INFO  Loaded .env from /Users/mengyeshiliu/Library/Application Support/yumema/.env
[2026-05-01 03:13:08] INFO  定时任务已启动 (早安8:37 / 晚安22:17 / 午后15:47 / 记忆维护3:00)
[2026-05-01 03:13:32] INFO  Loaded .env from /Users/mengyeshiliu/code/agent/V-partner/.env
[2026-05-01 03:13:32] INFO  定时任务已启动 (早安8:37 / 晚安22:17 / 午后15:47 / 记忆维护3:00)
[2026-05-01 03:16:37] INFO  Loaded .env from /Users/mengyeshiliu/Library/Application Support/yumema/.env
[2026-05-01 03:16:37] INFO  定时任务已启动 (早安8:37 / 晚安22:17 / 午后15:47 / 记忆维护3:00)
[2026-05-01 03:17:57] INFO  Loaded .env from /Users/mengyeshiliu/code/agent/V-partner/.env
[2026-05-01 03:17:57] INFO  定时任务已启动 (早安8:37 / 晚安22:17 / 午后15:47 / 记忆维护3:00)
[2026-05-01 03:22:00] INFO  Loaded .env from /Users/mengyeshiliu/code/agent/V-partner/.env
[2026-05-01 03:22:00] INFO  定时任务已启动 (早安8:37 / 晚安22:17 / 午后15:47 / 记忆维护3:00)
[2026-05-01 03:23:32] INFO  Loaded .env from /Users/mengyeshiliu/Library/Application Support/yumema/.env
[2026-05-01 03:23:32] INFO  定时任务已启动 (早安8:37 / 晚安22:17 / 午后15:47 / 记忆维护3:00)
[2026-05-01 03:28:15] INFO  Loaded .env from /Users/mengyeshiliu/Library/Application Support/yumema/.env
[2026-05-01 03:28:15] INFO  定时任务已启动 (早安8:37 / 晚安22:17 / 午后15:47 / 记忆维护3:00)
[2026-05-01 03:28:43] INFO  Loaded .env from /Users/mengyeshiliu/code/agent/V-partner/.env
[2026-05-01 03:28:43] INFO  定时任务已启动 (早安8:37 / 晚安22:17 / 午后15:47 / 记忆维护3:00)
[2026-05-01 03:31:30] INFO  Loaded .env from /Users/mengyeshiliu/Library/Application Support/yumema/.env
[2026-05-01 03:31:30] INFO  定时任务已启动 (早安8:37 / 晚安22:17 / 午后15:47 / 记忆维护3:00)
[2026-05-01 03:32:16] INFO  Loaded .env from /Users/mengyeshiliu/Library/Application Support/yumema/.env
[2026-05-01 03:32:16] INFO  定时任务已启动 (早安8:37 / 晚安22:17 / 午后15:47 / 记忆维护3:00)
[2026-05-01 03:44:24] INFO  Loaded .env from /Users/mengyeshiliu/code/agent/V-partner/.env
[2026-05-01 03:44:24] INFO  定时任务已启动 (早安8:37 / 晚安22:17 / 午后15:47 / 记忆维护3:00)
[2026-05-01 03:55:13] INFO  Loaded .env from /Users/mengyeshiliu/code/agent/V-partner/.env
[2026-05-01 03:55:13] INFO  定时任务已启动 (早安8:37 / 晚安22:17 / 午后15:47 / 记忆维护3:00)
[2026-05-01 04:42:17] INFO  Loaded .env from /Users/mengyeshiliu/code/agent/V-partner/.env
[2026-05-01 04:42:17] INFO  定时任务已启动 (早安8:37 / 晚安22:17 / 午后15:47 / 记忆维护3:00)
[2026-05-01 05:38:47] INFO  Loaded .env from /Users/mengyeshiliu/code/agent/V-partner/.env
[2026-05-01 05:38:47] INFO  定时任务已启动 (早安8:37 / 晚安22:17 / 午后15:47 / 记忆维护3:00)
[2026-05-01 05:39:33] ERROR Uncaught exception:
[2026-05-01 05:52:37] INFO  Loaded .env from /Users/mengyeshiliu/code/agent/V-partner/.env
[2026-05-01 05:52:37] INFO  定时任务已启动 (早安8:37 / 晚安22:17 / 午后15:47 / 记忆维护3:00)
[2026-05-01 06:03:51] INFO  Loaded .env from /Users/mengyeshiliu/code/agent/V-partner/.env
[2026-05-01 06:03:51] INFO  定时任务已启动 (早安8:37 / 晚安22:17 / 午后15:47 / 记忆维护3:00)
[2026-05-01 06:04:32] ERROR Uncaught exception:
[2026-05-01 06:05:35] INFO  Loaded .env from /Users/mengyeshiliu/code/agent/V-partner/.env
[2026-05-01 06:05:35] INFO  定时任务已启动 (早安8:37 / 晚安22:17 / 午后15:47 / 记忆维护3:00)
[2026-05-01 06:10:11] INFO  Loaded .env from /Users/mengyeshiliu/code/agent/V-partner/.env
[2026-05-01 06:10:11] INFO  定时任务已启动 (早安8:37 / 晚安22:17 / 午后15:47 / 记忆维护3:00)
[2026-05-01 07:57:37] INFO  Loaded .env from /Users/mengyeshiliu/code/agent/V-partner/.env
[2026-05-01 07:57:37] INFO  定时任务已启动 (早安8:37 / 晚安22:17 / 午后15:47 / 记忆维护3:00)
[2026-05-01 08:00:19] INFO  Loaded .env from /Users/mengyeshiliu/code/agent/V-partner/.env
[2026-05-01 08:00:19] INFO  定时任务已启动 (早安8:37 / 晚安22:17 / 午后15:47 / 记忆维护3:00)
[2026-05-01 08:20:12] INFO  Loaded .env from /Users/mengyeshiliu/code/agent/V-partner/.env
[2026-05-01 08:20:12] INFO  定时任务已启动 (早安8:37 / 晚安22:17 / 午后15:47 / 记忆维护3:00)
[2026-05-01 08:23:06] INFO  Loaded .env from /Users/mengyeshiliu/code/agent/V-partner/.env
[2026-05-01 08:23:06] INFO  定时任务已启动 (早安8:37 / 晚安22:17 / 午后15:47 / 记忆维护3:00)
[2026-05-01 08:24:22] INFO  Loaded .env from /Users/mengyeshiliu/code/agent/V-partner/.env
[2026-05-01 08:24:22] INFO  定时任务已启动 (早安8:37 / 晚安22:17 / 午后15:47 / 记忆维护3:00)
[2026-05-01 08:28:56] INFO  Loaded .env from /Users/mengyeshiliu/code/agent/V-partner/.env
[2026-05-01 08:28:56] INFO  定时任务已启动 (早安8:37 / 晚安22:17 / 午后15:47 / 记忆维护3:00)
[2026-05-01 08:32:38] INFO  Loaded .env from /Users/mengyeshiliu/code/agent/V-partner/.env
[2026-05-01 08:32:38] INFO  定时任务已启动 (早安8:37 / 晚安22:17 / 午后15:47 / 记忆维护3:00)
[2026-05-01 08:46:08] INFO  Loaded .env from /Users/mengyeshiliu/code/agent/V-partner/.env
[2026-05-01 08:46:08] INFO  定时任务已启动 (早安8:37 / 晚安22:17 / 午后15:47 / 记忆维护3:00)
[2026-05-01 09:21:36] INFO  Loaded .env from /Users/mengyeshiliu/code/agent/V-partner/.env
[2026-05-01 09:21:36] INFO  定时任务已启动 (早安8:37 / 晚安22:17 / 午后15:47 / 记忆维护3:00)
[2026-05-01 09:21:36] INFO  HTTP API listening on http://127.0.0.1:11435
[2026-05-01 09:23:01] INFO  Loaded .env from /Users/mengyeshiliu/code/agent/V-partner/.env
[2026-05-01 09:23:01] INFO  定时任务已启动 (早安8:37 / 晚安22:17 / 午后15:47 / 记忆维护3:00)
[2026-05-01 09:23:01] INFO  HTTP API listening on http://127.0.0.1:11435
[2026-05-01 09:24:30] INFO  Loaded .env from /Users/mengyeshiliu/code/agent/V-partner/.env
[2026-05-01 09:24:30] INFO  定时任务已启动 (早安8:37 / 晚安22:17 / 午后15:47 / 记忆维护3:00)
[2026-05-01 09:24:30] INFO  HTTP API listening on http://127.0.0.1:11435
[2026-05-01 09:25:51] INFO  Loaded .env from /Users/mengyeshiliu/code/agent/V-partner/.env
[2026-05-01 09:25:51] INFO  定时任务已启动 (早安8:37 / 晚安22:17 / 午后15:47 / 记忆维护3:00)
[2026-05-01 09:25:51] INFO  HTTP API listening on http://127.0.0.1:11435
[2026-05-01 09:27:02] INFO  Loaded .env from /Users/mengyeshiliu/code/agent/V-partner/.env
[2026-05-01 09:27:02] INFO  定时任务已启动 (早安8:37 / 晚安22:17 / 午后15:47 / 记忆维护3:00)
[2026-05-01 09:27:02] INFO  HTTP API listening on http://127.0.0.1:11435
[2026-05-01 09:30:50] INFO  Loaded .env from /Users/mengyeshiliu/code/agent/V-partner/.env
[2026-05-01 09:30:50] INFO  定时任务已启动 (早安8:37 / 晚安22:17 / 午后15:47 / 记忆维护3:00)
[2026-05-01 09:30:50] INFO  HTTP API listening on http://127.0.0.1:11435
[2026-05-01 09:33:46] INFO  Loaded .env from /Users/mengyeshiliu/code/agent/V-partner/.env
[2026-05-01 09:33:46] INFO  定时任务已启动 (早安8:37 / 晚安22:17 / 午后15:47 / 记忆维护3:00)
[2026-05-01 09:33:46] INFO  HTTP API listening on http://127.0.0.1:11435
[2026-05-01 09:36:33] INFO  Loaded .env from /Users/mengyeshiliu/code/agent/V-partner/.env
[2026-05-01 09:36:33] INFO  定时任务已启动 (早安8:37 / 晚安22:17 / 午后15:47 / 记忆维护3:00)
[2026-05-01 09:36:34] ERROR Uncaught exception:
[2026-05-01 09:38:51] INFO  Loaded .env from /Users/mengyeshiliu/code/agent/V-partner/.env
[2026-05-01 09:38:51] INFO  定时任务已启动 (早安8:37 / 晚安22:17 / 午后15:47 / 记忆维护3:00)
[2026-05-01 09:38:51] ERROR Uncaught exception:
[2026-05-01 09:43:13] INFO  Loaded .env from /Users/mengyeshiliu/code/agent/V-partner/.env
[2026-05-01 09:43:13] INFO  定时任务已启动 (早安8:37 / 晚安22:17 / 午后15:47 / 记忆维护3:00)
[2026-05-01 09:43:13] INFO  HTTP API listening on http://127.0.0.1:11435
[2026-05-01 09:45:13] INFO  Loaded .env from /Users/mengyeshiliu/code/agent/V-partner/.env
[2026-05-01 09:45:13] INFO  定时任务已启动 (早安8:37 / 晚安22:17 / 午后15:47 / 记忆维护3:00)
[2026-05-01 09:45:13] ERROR Uncaught exception:
[2026-05-01 09:49:19] INFO  Loaded .env from /Users/mengyeshiliu/code/agent/V-partner/.env
[2026-05-01 09:49:19] INFO  定时任务已启动 (早安8:37 / 晚安22:17 / 午后15:47 / 记忆维护3:00)
[2026-05-01 09:49:19] INFO  HTTP API listening on http://127.0.0.1:11435
[2026-05-01 09:57:38] INFO  Loaded .env from /Users/mengyeshiliu/code/agent/V-partner/.env
[2026-05-01 09:57:38] INFO  定时任务已启动 (早安8:37 / 晚安22:17 / 午后15:47 / 记忆维护3:00)
[2026-05-01 09:57:38] ERROR Uncaught exception:
[2026-05-01 10:06:04] INFO  Loaded .env from /Users/mengyeshiliu/code/agent/V-partner/.env
[2026-05-01 10:06:18] INFO  Loaded .env from /Users/mengyeshiliu/code/agent/V-partner/.env
[2026-05-01 10:06:26] INFO  Loaded .env from /Users/mengyeshiliu/code/agent/V-partner/.env
[2026-05-01 10:08:44] INFO  Loaded .env from /Users/mengyeshiliu/code/agent/V-partner/.env
[2026-05-01 10:11:38] INFO  Loaded .env from /Users/mengyeshiliu/code/agent/V-partner/.env
[2026-05-01 10:13:00] INFO  Loaded .env from /Users/mengyeshiliu/code/agent/V-partner/.env
[2026-05-01 10:13:00] INFO  定时任务已启动 (早安8:37 / 晚安22:17 / 午后15:47 / 记忆维护3:00)
[2026-05-01 10:13:00] INFO  HTTP API listening on port 11435
[2026-05-01 10:13:05] INFO  API chat: "hi"
[2026-05-01 10:13:07] INFO  API chat: "hi"
[2026-05-01 10:13:14] INFO  Loaded .env from /Users/mengyeshiliu/code/agent/V-partner/.env
[2026-05-01 10:18:33] INFO  Loaded .env from /Users/mengyeshiliu/code/agent/V-partner/.env
[2026-05-01 10:18:33] INFO  定时任务已启动 (早安8:37 / 晚安22:17 / 午后15:47 / 记忆维护3:00)
[2026-05-01 10:18:33] INFO  HTTP API listening on port 11435
[2026-05-01 10:21:54] INFO  Loaded .env from /Users/mengyeshiliu/code/agent/V-partner/.env
[2026-05-01 10:21:54] INFO  定时任务已启动 (早安8:37 / 晚安22:17 / 午后15:47 / 记忆维护3:00)
[2026-05-01 10:21:54] ERROR Uncaught exception:
[2026-05-01 10:27:55] INFO  API chat: "hi"
[2026-05-01 10:35:36] INFO  Loaded .env from /Users/mengyeshiliu/code/agent/V-partner/.env
[2026-05-01 10:35:36] INFO  定时任务已启动 (早安8:37 / 晚安22:17 / 午后15:47 / 记忆维护3:00)
[2026-05-01 10:35:37] INFO  HTTP API listening on port 11435
[2026-05-01 10:35:41] INFO  API chat: "hi"
[2026-05-01 10:40:12] INFO  Loaded .env from /Users/mengyeshiliu/code/agent/V-partner/.env
[2026-05-01 10:40:12] INFO  定时任务已启动 (早安8:37 / 晚安22:17 / 午后15:47 / 记忆维护3:00)
[2026-05-01 10:40:12] INFO  HTTP API listening on port 11435
[2026-05-01 10:40:12] ERROR Unhandled rejection:
[2026-05-01 10:40:21] INFO  API chat: "hi"
[2026-05-01 10:46:20] INFO  API chat: "晚安"
[2026-05-01 10:46:28] INFO  API chat: "晚安"
[2026-05-01 13:42:38] INFO  Loaded .env from /Users/mengyeshiliu/code/agent/V-partner/.env
[2026-05-01 13:42:38] INFO  定时任务已启动 (早安8:37 / 晚安22:17 / 午后15:47 / 记忆维护3:00)
[2026-05-01 13:42:38] ERROR Uncaught exception:
[2026-05-01 13:42:38] ERROR Unhandled rejection:
[2026-05-01 13:58:37] INFO  Loaded .env from /Users/mengyeshiliu/code/agent/V-partner/.env
[2026-05-01 13:58:37] INFO  定时任务已启动 (早安8:37 / 晚安22:17 / 午后15:47 / 记忆维护3:00)
[2026-05-01 13:58:37] INFO  HTTP API listening on port 11435
[2026-05-01 13:58:38] ERROR Unhandled rejection:
[2026-05-01 14:04:24] INFO  Loaded .env from /Users/mengyeshiliu/code/agent/V-partner/.env
[2026-05-01 14:04:24] INFO  定时任务已启动 (早安8:37 / 晚安22:17 / 午后15:47 / 记忆维护3:00)
[2026-05-01 14:04:24] INFO  HTTP API listening on port 11435
[2026-05-01 14:04:24] ERROR Unhandled rejection:
[2026-05-01 16:36:12] INFO  Loaded .env from /Users/mengyeshiliu/code/agent/V-partner/.env
[2026-05-01 16:36:12] INFO  定时任务已启动 (早安8:37 / 晚安22:17 / 午后15:47 / 记忆维护3:00)
[2026-05-01 16:36:12] INFO  HTTP API listening on port 11435
[2026-05-01 16:36:12] ERROR Unhandled rejection:
[2026-05-02 14:19:16] INFO  Loaded .env from /Users/mengyeshiliu/code/agent/V-partner/.env
[2026-05-02 14:19:16] INFO  定时任务已启动 (早安8:37 / 晚安22:17 / 午后15:47 / 记忆维护3:00)
[2026-05-02 14:28:52] INFO  Loaded .env from /Users/mengyeshiliu/code/agent/V-partner/.env
[2026-05-02 14:28:52] INFO  定时任务已启动 (早安8:37 / 晚安22:17 / 午后15:47 / 记忆维护3:00)
[2026-05-02 14:30:53] INFO  Loaded .env from /Users/mengyeshiliu/code/agent/V-partner/.env
[2026-05-02 14:30:53] INFO  定时任务已启动 (早安8:37 / 晚安22:17 / 午后15:47 / 记忆维护3:00)
[2026-05-02 14:31:19] INFO  Loaded .env from /Users/mengyeshiliu/code/agent/V-partner/.env
[2026-05-02 14:31:19] INFO  定时任务已启动 (早安8:37 / 晚安22:17 / 午后15:47 / 记忆维护3:00)
[2026-05-02 14:32:34] INFO  Loaded .env from /Users/mengyeshiliu/code/agent/V-partner/.env
[2026-05-02 14:32:34] INFO  定时任务已启动 (早安8:37 / 晚安22:17 / 午后15:47 / 记忆维护3:00)
[2026-05-02 14:39:21] INFO  Loaded .env from /Users/mengyeshiliu/code/agent/V-partner/.env
[2026-05-02 14:39:21] INFO  定时任务已启动 (早安8:37 / 晚安22:17 / 午后15:47 / 记忆维护3:00)
[2026-05-02 14:39:42] INFO  Loaded .env from /Users/mengyeshiliu/code/agent/V-partner/.env
[2026-05-02 14:39:42] INFO  定时任务已启动 (早安8:37 / 晚安22:17 / 午后15:47 / 记忆维护3:00)
[2026-05-02 14:45:18] INFO  Loaded .env from /Users/mengyeshiliu/code/agent/V-partner/.env
[2026-05-02 14:45:18] INFO  定时任务已启动 (早安8:37 / 晚安22:17 / 午后15:47 / 记忆维护3:00)
[2026-05-02 14:54:01] INFO  Loaded .env from /Users/mengyeshiliu/code/agent/V-partner/.env
[2026-05-02 14:54:01] INFO  定时任务已启动 (早安8:37 / 晚安22:17 / 午后15:47 / 记忆维护3:00)
[2026-05-02 15:08:29] INFO  Loaded .env from /Users/mengyeshiliu/code/agent/V-partner/.env
[2026-05-02 15:08:29] INFO  定时任务已启动 (早安8:37 / 晚安22:17 / 午后15:47 / 记忆维护3:00)
[2026-05-02 15:13:43] INFO  Loaded .env from /Users/mengyeshiliu/code/agent/V-partner/.env
[2026-05-02 15:13:43] INFO  定时任务已启动 (早安8:37 / 晚安22:17 / 午后15:47 / 记忆维护3:00)
[2026-05-02 15:36:36] INFO  Loaded .env from /Users/mengyeshiliu/code/agent/V-partner/.env
[2026-05-02 15:36:36] INFO  定时任务已启动 (早安8:37 / 晚安22:17 / 午后15:47 / 记忆维护3:00)
[2026-05-02 15:39:17] INFO  Loaded .env from /Users/mengyeshiliu/code/agent/V-partner/.env
[2026-05-02 15:39:17] INFO  定时任务已启动 (早安8:37 / 晚安22:17 / 午后15:47 / 记忆维护3:00)
[2026-05-02 17:18:58] INFO  Loaded .env from /Users/mengyeshiliu/code/agent/V-partner/.env
[2026-05-02 17:18:58] INFO  定时任务已启动 (早安8:37 / 晚安22:17 / 午后15:47 / 记忆维护3:00)
[2026-05-02 17:19:23] INFO  Loaded .env from /Users/mengyeshiliu/code/agent/V-partner/.env
[2026-05-02 17:19:23] INFO  定时任务已启动 (早安8:37 / 晚安22:17 / 午后15:47 / 记忆维护3:00)
[2026-05-02 17:26:16] INFO  Loaded .env from /Users/mengyeshiliu/code/agent/V-partner/.env
[2026-05-02 17:26:16] INFO  定时任务已启动 (早安8:37 / 晚安22:17 / 午后15:47 / 记忆维护3:00)
[2026-05-02 17:30:34] INFO  Loaded .env from /Users/mengyeshiliu/code/agent/V-partner/.env
[2026-05-02 17:30:34] INFO  定时任务已启动 (早安8:37 / 晚安22:17 / 午后15:47 / 记忆维护3:00)
[2026-05-02 18:15:44] INFO  Loaded .env from /Users/mengyeshiliu/code/agent/V-partner/.env
[2026-05-02 18:18:37] INFO  Loaded .env from /Users/mengyeshiliu/code/agent/V-partner/.env
[2026-05-02 18:23:33] INFO  Loaded .env from /Users/mengyeshiliu/code/agent/V-partner/.env
[2026-05-02 19:00:00] INFO  执行记忆遗忘曲线维护
[2026-05-02 19:42:19] INFO  Loaded .env from /Users/mengyeshiliu/code/agent/V-partner/.env
[2026-05-02 19:42:19] INFO  定时任务已启动 (早安8:37 / 晚安22:17 / 午后15:47 / 记忆维护3:00)
[2026-05-02 19:47:22] INFO  Loaded .env from /Users/mengyeshiliu/code/agent/V-partner/.env
[2026-05-02 19:47:22] INFO  定时任务已启动 (早安8:37 / 晚安22:17 / 午后15:47 / 记忆维护3:00)
[2026-05-02 19:50:58] INFO  Loaded .env from /Users/mengyeshiliu/code/agent/V-partner/.env
[2026-05-02 19:50:58] INFO  定时任务已启动 (早安8:37 / 晚安22:17 / 午后15:47 / 记忆维护3:00)
[2026-05-02 19:56:59] INFO  Loaded .env from /Users/mengyeshiliu/code/agent/V-partner/.env
[2026-05-02 19:56:59] INFO  定时任务已启动 (早安8:37 / 晚安22:17 / 午后15:47 / 记忆维护3:00)
[2026-05-02 20:05:48] INFO  Loaded .env from /Users/mengyeshiliu/code/agent/V-partner/.env
[2026-05-02 20:05:48] INFO  定时任务已启动 (早安8:37 / 晚安22:17 / 午后15:47 / 记忆维护3:00)
[2026-05-02 20:06:10] INFO  从对话中提取了 2 条事实
[2026-05-02 20:08:17] INFO  Loaded .env from /Users/mengyeshiliu/code/agent/V-partner/.env
[2026-05-02 20:08:17] INFO  定时任务已启动 (早安8:37 / 晚安22:17 / 午后15:47 / 记忆维护3:00)
[2026-05-02 20:10:37] INFO  Loaded .env from /Users/mengyeshiliu/code/agent/V-partner/.env
[2026-05-02 20:10:37] INFO  定时任务已启动 (早安8:37 / 晚安22:17 / 午后15:47 / 记忆维护3:00)
[2026-05-02 20:24:24] INFO  Loaded .env from /Users/mengyeshiliu/code/agent/V-partner/.env
[2026-05-02 20:24:24] INFO  定时任务已启动 (早安8:37 / 晚安22:17 / 午后15:47 / 记忆维护3:00)
